QuestaSim vlog 10.6c Compiler 2017.07 Jul 25 2017
Start time: 12:26:00 on Apr 17,2026
vlog -sv "+acc" "+cover" "+fcover" -l ahb_compile.log -f ../ahb_compile.f 
-- Compiling package AhbGlobalPackage
-- Compiling package AhbMasterPackage
** Note: (vlog-2286) ../../src/hvlTop/masterAgent/AhbMasterPackage.sv(6): Using implicit +incdir+/tools/mentor/questasim_10.6c/questasim/uvm-1.1d/../verilog_src/uvm-1.1d/src from import uvm_pkg
-- Importing package mtiUvm.uvm_pkg (uvm-1.1d Built-in)
-- Importing package AhbGlobalPackage
-- Compiling package AhbSlavePackage
-- Compiling package AhbMasterSequencePackage
-- Importing package AhbMasterPackage
-- Compiling package AhbSlaveSequencePackage
-- Importing package AhbSlavePackage
-- Compiling package AhbEnvironmentPackage
** Warning: ** while parsing file included at ../../src/hvlTop/environment/AhbEnvironmentPackage.sv(28)
** at ../../src/hvlTop/environment/AhbScoreboard.sv(380): (vlog-2897) Using non-standard foreach loop variable list syntax.
-- Compiling package AhbVirtualSequencePackage
-- Importing package AhbMasterSequencePackage
-- Importing package AhbSlaveSequencePackage
-- Importing package AhbEnvironmentPackage
-- Compiling package AhbTestPackage
-- Importing package AhbVirtualSequencePackage
** Warning: ../../src/hvlTop/tb/test/AhbBaseTest.sv(68): (vlog-2240) Treating stand-alone use of function 'randomize' as an implicit VOID cast.
** Warning: ../../src/hvlTop/tb/test/AhbBaseTest.sv(69): (vlog-2240) Treating stand-alone use of function 'randomize' as an implicit VOID cast.
-- Compiling package AhbInterface_sv_unit
-- Importing package AhbGlobalPackage
-- Compiling interface AhbInterface
-- Compiling package AhbInterconnect_sv_unit
-- Importing package AhbGlobalPackage
-- Compiling interface AhbInterconnect
** Warning: ../../src/hdlTop/interconnect/AhbInterconnect.sv(27): (vlog-2583) [SVCHK] - Some checking for conflicts with always_comb and always_latch variables not yet supported. Run vopt to provide additional design-level checks.
** Warning: ../../src/hdlTop/interconnect/AhbInterconnect.sv(28): (vlog-2583) [SVCHK] - Some checking for conflicts with always_comb and always_latch variables not yet supported. Run vopt to provide additional design-level checks.
** Warning: ../../src/hdlTop/interconnect/AhbInterconnect.sv(29): (vlog-2583) [SVCHK] - Some checking for conflicts with always_comb and always_latch variables not yet supported. Run vopt to provide additional design-level checks.
** Warning: ../../src/hdlTop/interconnect/AhbInterconnect.sv(30): (vlog-2583) [SVCHK] - Some checking for conflicts with always_comb and always_latch variables not yet supported. Run vopt to provide additional design-level checks.
** Warning: ../../src/hdlTop/interconnect/AhbInterconnect.sv(31): (vlog-2583) [SVCHK] - Some checking for conflicts with always_comb and always_latch variables not yet supported. Run vopt to provide additional design-level checks.
** Warning: ../../src/hdlTop/interconnect/AhbInterconnect.sv(32): (vlog-2583) [SVCHK] - Some checking for conflicts with always_comb and always_latch variables not yet supported. Run vopt to provide additional design-level checks.
** Warning: ../../src/hdlTop/interconnect/AhbInterconnect.sv(33): (vlog-2583) [SVCHK] - Some checking for conflicts with always_comb and always_latch variables not yet supported. Run vopt to provide additional design-level checks.
** Warning: ../../src/hdlTop/interconnect/AhbInterconnect.sv(34): (vlog-2583) [SVCHK] - Some checking for conflicts with always_comb and always_latch variables not yet supported. Run vopt to provide additional design-level checks.
** Warning: ../../src/hdlTop/interconnect/AhbInterconnect.sv(35): (vlog-2583) [SVCHK] - Some checking for conflicts with always_comb and always_latch variables not yet supported. Run vopt to provide additional design-level checks.
** Warning: ../../src/hdlTop/interconnect/AhbInterconnect.sv(50): (vlog-2583) [SVCHK] - Some checking for conflicts with always_comb and always_latch variables not yet supported. Run vopt to provide additional design-level checks.
** Warning: ../../src/hdlTop/interconnect/AhbInterconnect.sv(51): (vlog-2583) [SVCHK] - Some checking for conflicts with always_comb and always_latch variables not yet supported. Run vopt to provide additional design-level checks.
** Warning: ../../src/hdlTop/interconnect/AhbInterconnect.sv(52): (vlog-2583) [SVCHK] - Some checking for conflicts with always_comb and always_latch variables not yet supported. Run vopt to provide additional design-level checks.
** Warning: ../../src/hdlTop/interconnect/AhbInterconnect.sv(114): (vlog-2583) [SVCHK] - Some checking for conflicts with always_comb and always_latch variables not yet supported. Run vopt to provide additional design-level checks.
** Warning: ../../src/hdlTop/interconnect/AhbInterconnect.sv(205): (vlog-2583) [SVCHK] - Some checking for conflicts with always_comb and always_latch variables not yet supported. Run vopt to provide additional design-level checks.
** Warning: ../../src/hdlTop/interconnect/AhbInterconnect.sv(207): (vlog-2583) [SVCHK] - Some checking for conflicts with always_comb and always_latch variables not yet supported. Run vopt to provide additional design-level checks.
** Warning: ../../src/hdlTop/interconnect/AhbInterconnect.sv(207): (vlog-2583) [SVCHK] - Some checking for conflicts with always_comb and always_latch variables not yet supported. Run vopt to provide additional design-level checks.
** Warning: ../../src/hdlTop/interconnect/AhbInterconnect.sv(210): (vlog-2583) [SVCHK] - Some checking for conflicts with always_comb and always_latch variables not yet supported. Run vopt to provide additional design-level checks.
** Warning: ../../src/hdlTop/interconnect/AhbInterconnect.sv(213): (vlog-2583) [SVCHK] - Some checking for conflicts with always_comb and always_latch variables not yet supported. Run vopt to provide additional design-level checks.
** Warning: ../../src/hdlTop/interconnect/AhbInterconnect.sv(219): (vlog-2583) [SVCHK] - Some checking for conflicts with always_comb and always_latch variables not yet supported. Run vopt to provide additional design-level checks.
** Warning: ../../src/hdlTop/interconnect/AhbInterconnect.sv(219): (vlog-2583) [SVCHK] - Some checking for conflicts with always_comb and always_latch variables not yet supported. Run vopt to provide additional design-level checks.
** Warning: ../../src/hdlTop/interconnect/AhbInterconnect.sv(221): (vlog-2583) [SVCHK] - Some checking for conflicts with always_comb and always_latch variables not yet supported. Run vopt to provide additional design-level checks.
** Warning: ../../src/hdlTop/interconnect/AhbInterconnect.sv(224): (vlog-2583) [SVCHK] - Some checking for conflicts with always_comb and always_latch variables not yet supported. Run vopt to provide additional design-level checks.
** Warning: ../../src/hdlTop/interconnect/AhbInterconnect.sv(233): (vlog-2583) [SVCHK] - Some checking for conflicts with always_comb and always_latch variables not yet supported. Run vopt to provide additional design-level checks.
** Warning: ../../src/hdlTop/interconnect/AhbInterconnect.sv(234): (vlog-2583) [SVCHK] - Some checking for conflicts with always_comb and always_latch variables not yet supported. Run vopt to provide additional design-level checks.
** Warning: ../../src/hdlTop/interconnect/AhbInterconnect.sv(235): (vlog-2583) [SVCHK] - Some checking for conflicts with always_comb and always_latch variables not yet supported. Run vopt to provide additional design-level checks.
** Warning: ../../src/hdlTop/interconnect/AhbInterconnect.sv(237): (vlog-2583) [SVCHK] - Some checking for conflicts with always_comb and always_latch variables not yet supported. Run vopt to provide additional design-level checks.
** Warning: ../../src/hdlTop/interconnect/AhbInterconnect.sv(238): (vlog-2583) [SVCHK] - Some checking for conflicts with always_comb and always_latch variables not yet supported. Run vopt to provide additional design-level checks.
** Warning: ../../src/hdlTop/interconnect/AhbInterconnect.sv(239): (vlog-2583) [SVCHK] - Some checking for conflicts with always_comb and always_latch variables not yet supported. Run vopt to provide additional design-level checks.
** Warning: ../../src/hdlTop/interconnect/AhbInterconnect.sv(240): (vlog-2583) [SVCHK] - Some checking for conflicts with always_comb and always_latch variables not yet supported. Run vopt to provide additional design-level checks.
** Warning: ../../src/hdlTop/interconnect/AhbInterconnect.sv(241): (vlog-2583) [SVCHK] - Some checking for conflicts with always_comb and always_latch variables not yet supported. Run vopt to provide additional design-level checks.
** Warning: ../../src/hdlTop/interconnect/AhbInterconnect.sv(242): (vlog-2583) [SVCHK] - Some checking for conflicts with always_comb and always_latch variables not yet supported. Run vopt to provide additional design-level checks.
** Warning: ../../src/hdlTop/interconnect/AhbInterconnect.sv(243): (vlog-2583) [SVCHK] - Some checking for conflicts with always_comb and always_latch variables not yet supported. Run vopt to provide additional design-level checks.
** Warning: ../../src/hdlTop/interconnect/AhbInterconnect.sv(244): (vlog-2583) [SVCHK] - Some checking for conflicts with always_comb and always_latch variables not yet supported. Run vopt to provide additional design-level checks.
** Warning: ../../src/hdlTop/interconnect/AhbInterconnect.sv(245): (vlog-2583) [SVCHK] - Some checking for conflicts with always_comb and always_latch variables not yet supported. Run vopt to provide additional design-level checks.
** Warning: ../../src/hdlTop/interconnect/AhbInterconnect.sv(253): (vlog-2583) [SVCHK] - Some checking for conflicts with always_comb and always_latch variables not yet supported. Run vopt to provide additional design-level checks.
** Warning: ../../src/hdlTop/interconnect/AhbInterconnect.sv(253): (vlog-2583) [SVCHK] - Some checking for conflicts with always_comb and always_latch variables not yet supported. Run vopt to provide additional design-level checks.
** Warning: ../../src/hdlTop/interconnect/AhbInterconnect.sv(255): (vlog-2583) [SVCHK] - Some checking for conflicts with always_comb and always_latch variables not yet supported. Run vopt to provide additional design-level checks.
** Warning: ../../src/hdlTop/interconnect/AhbInterconnect.sv(260): (vlog-2583) [SVCHK] - Some checking for conflicts with always_comb and always_latch variables not yet supported. Run vopt to provide additional design-level checks.
** Warning: ../../src/hdlTop/interconnect/AhbInterconnect.sv(262): (vlog-2583) [SVCHK] - Some checking for conflicts with always_comb and always_latch variables not yet supported. Run vopt to provide additional design-level checks.
** Warning: ../../src/hdlTop/interconnect/AhbInterconnect.sv(264): (vlog-2583) [SVCHK] - Some checking for conflicts with always_comb and always_latch variables not yet supported. Run vopt to provide additional design-level checks.
** Warning: ../../src/hdlTop/interconnect/AhbInterconnect.sv(266): (vlog-2583) [SVCHK] - Some checking for conflicts with always_comb and always_latch variables not yet supported. Run vopt to provide additional design-level checks.
** Warning: ../../src/hdlTop/interconnect/AhbInterconnect.sv(267): (vlog-2583) [SVCHK] - Some checking for conflicts with always_comb and always_latch variables not yet supported. Run vopt to provide additional design-level checks.
** Warning: ../../src/hdlTop/interconnect/AhbInterconnect.sv(268): (vlog-2583) [SVCHK] - Some checking for conflicts with always_comb and always_latch variables not yet supported. Run vopt to provide additional design-level checks.
** Warning: ../../src/hdlTop/interconnect/AhbInterconnect.sv(269): (vlog-2583) [SVCHK] - Some checking for conflicts with always_comb and always_latch variables not yet supported. Run vopt to provide additional design-level checks.
** Warning: ../../src/hdlTop/interconnect/AhbInterconnect.sv(270): (vlog-2583) [SVCHK] - Some checking for conflicts with always_comb and always_latch variables not yet supported. Run vopt to provide additional design-level checks.
** Warning: ../../src/hdlTop/interconnect/AhbInterconnect.sv(271): (vlog-2583) [SVCHK] - Some checking for conflicts with always_comb and always_latch variables not yet supported. Run vopt to provide additional design-level checks.
** Warning: ../../src/hdlTop/interconnect/AhbInterconnect.sv(272): (vlog-2583) [SVCHK] - Some checking for conflicts with always_comb and always_latch variables not yet supported. Run vopt to provide additional design-level checks.
** Warning: ../../src/hdlTop/interconnect/AhbInterconnect.sv(273): (vlog-2583) [SVCHK] - Some checking for conflicts with always_comb and always_latch variables not yet supported. Run vopt to provide additional design-level checks.
** Warning: ../../src/hdlTop/interconnect/AhbInterconnect.sv(274): (vlog-2583) [SVCHK] - Some checking for conflicts with always_comb and always_latch variables not yet supported. Run vopt to provide additional design-level checks.
** Warning: ../../src/hdlTop/interconnect/AhbInterconnect.sv(281): (vlog-2583) [SVCHK] - Some checking for conflicts with always_comb and always_latch variables not yet supported. Run vopt to provide additional design-level checks.
** Warning: ../../src/hdlTop/interconnect/AhbInterconnect.sv(295): (vlog-2583) [SVCHK] - Some checking for conflicts with always_comb and always_latch variables not yet supported. Run vopt to provide additional design-level checks.
** Warning: ../../src/hdlTop/interconnect/AhbInterconnect.sv(295): (vlog-2583) [SVCHK] - Some checking for conflicts with always_comb and always_latch variables not yet supported. Run vopt to provide additional design-level checks.
** Warning: ../../src/hdlTop/interconnect/AhbInterconnect.sv(295): (vlog-2583) [SVCHK] - Some checking for conflicts with always_comb and always_latch variables not yet supported. Run vopt to provide additional design-level checks.
** Warning: ../../src/hdlTop/interconnect/AhbInterconnect.sv(296): (vlog-2583) [SVCHK] - Some checking for conflicts with always_comb and always_latch variables not yet supported. Run vopt to provide additional design-level checks.
** Warning: ../../src/hdlTop/interconnect/AhbInterconnect.sv(297): (vlog-2583) [SVCHK] - Some checking for conflicts with always_comb and always_latch variables not yet supported. Run vopt to provide additional design-level checks.
** Warning: ../../src/hdlTop/interconnect/AhbInterconnect.sv(298): (vlog-2583) [SVCHK] - Some checking for conflicts with always_comb and always_latch variables not yet supported. Run vopt to provide additional design-level checks.
** Warning: ../../src/hdlTop/interconnect/AhbInterconnect.sv(301): (vlog-2583) [SVCHK] - Some checking for conflicts with always_comb and always_latch variables not yet supported. Run vopt to provide additional design-level checks.
** Warning: ../../src/hdlTop/interconnect/AhbInterconnect.sv(302): (vlog-2583) [SVCHK] - Some checking for conflicts with always_comb and always_latch variables not yet supported. Run vopt to provide additional design-level checks.
** Warning: ../../src/hdlTop/interconnect/AhbInterconnect.sv(302): (vlog-2583) [SVCHK] - Some checking for conflicts with always_comb and always_latch variables not yet supported. Run vopt to provide additional design-level checks.
** Warning: ../../src/hdlTop/interconnect/AhbInterconnect.sv(303): (vlog-2583) [SVCHK] - Some checking for conflicts with always_comb and always_latch variables not yet supported. Run vopt to provide additional design-level checks.
** Warning: ../../src/hdlTop/interconnect/AhbInterconnect.sv(306): (vlog-2583) [SVCHK] - Some checking for conflicts with always_comb and always_latch variables not yet supported. Run vopt to provide additional design-level checks.
** Warning: ../../src/hdlTop/interconnect/AhbInterconnect.sv(309): (vlog-2583) [SVCHK] - Some checking for conflicts with always_comb and always_latch variables not yet supported. Run vopt to provide additional design-level checks.
** Warning: ../../src/hdlTop/interconnect/AhbInterconnect.sv(310): (vlog-2583) [SVCHK] - Some checking for conflicts with always_comb and always_latch variables not yet supported. Run vopt to provide additional design-level checks.
** Warning: ../../src/hdlTop/interconnect/AhbInterconnect.sv(314): (vlog-2583) [SVCHK] - Some checking for conflicts with always_comb and always_latch variables not yet supported. Run vopt to provide additional design-level checks.
** Warning: ../../src/hdlTop/interconnect/AhbInterconnect.sv(316): (vlog-2583) [SVCHK] - Some checking for conflicts with always_comb and always_latch variables not yet supported. Run vopt to provide additional design-level checks.
** Warning: ../../src/hdlTop/interconnect/AhbInterconnect.sv(317): (vlog-2583) [SVCHK] - Some checking for conflicts with always_comb and always_latch variables not yet supported. Run vopt to provide additional design-level checks.
** Warning: ../../src/hdlTop/interconnect/AhbInterconnect.sv(318): (vlog-2583) [SVCHK] - Some checking for conflicts with always_comb and always_latch variables not yet supported. Run vopt to provide additional design-level checks.
** Warning: ../../src/hdlTop/interconnect/AhbInterconnect.sv(319): (vlog-2583) [SVCHK] - Some checking for conflicts with always_comb and always_latch variables not yet supported. Run vopt to provide additional design-level checks.
** Warning: ../../src/hdlTop/interconnect/AhbInterconnect.sv(320): (vlog-2583) [SVCHK] - Some checking for conflicts with always_comb and always_latch variables not yet supported. Run vopt to provide additional design-level checks.
** Warning: ../../src/hdlTop/interconnect/AhbInterconnect.sv(321): (vlog-2583) [SVCHK] - Some checking for conflicts with always_comb and always_latch variables not yet supported. Run vopt to provide additional design-level checks.
** Warning: ../../src/hdlTop/interconnect/AhbInterconnect.sv(322): (vlog-2583) [SVCHK] - Some checking for conflicts with always_comb and always_latch variables not yet supported. Run vopt to provide additional design-level checks.
** Warning: ../../src/hdlTop/interconnect/AhbInterconnect.sv(323): (vlog-2583) [SVCHK] - Some checking for conflicts with always_comb and always_latch variables not yet supported. Run vopt to provide additional design-level checks.
** Warning: ../../src/hdlTop/interconnect/AhbInterconnect.sv(324): (vlog-2583) [SVCHK] - Some checking for conflicts with always_comb and always_latch variables not yet supported. Run vopt to provide additional design-level checks.
** Warning: ../../src/hdlTop/interconnect/AhbInterconnect.sv(325): (vlog-2583) [SVCHK] - Some checking for conflicts with always_comb and always_latch variables not yet supported. Run vopt to provide additional design-level checks.
** Warning: ../../src/hdlTop/interconnect/AhbInterconnect.sv(329): (vlog-2583) [SVCHK] - Some checking for conflicts with always_comb and always_latch variables not yet supported. Run vopt to provide additional design-level checks.
** Warning: ../../src/hdlTop/interconnect/AhbInterconnect.sv(330): (vlog-2583) [SVCHK] - Some checking for conflicts with always_comb and always_latch variables not yet supported. Run vopt to provide additional design-level checks.
** Warning: ../../src/hdlTop/interconnect/AhbInterconnect.sv(334): (vlog-2583) [SVCHK] - Some checking for conflicts with always_comb and always_latch variables not yet supported. Run vopt to provide additional design-level checks.
** Warning: ../../src/hdlTop/interconnect/AhbInterconnect.sv(335): (vlog-2583) [SVCHK] - Some checking for conflicts with always_comb and always_latch variables not yet supported. Run vopt to provide additional design-level checks.
** Warning: ../../src/hdlTop/interconnect/AhbInterconnect.sv(336): (vlog-2583) [SVCHK] - Some checking for conflicts with always_comb and always_latch variables not yet supported. Run vopt to provide additional design-level checks.
** Warning: ../../src/hdlTop/interconnect/AhbInterconnect.sv(348): (vlog-2583) [SVCHK] - Some checking for conflicts with always_comb and always_latch variables not yet supported. Run vopt to provide additional design-level checks.
** Warning: ../../src/hdlTop/interconnect/AhbInterconnect.sv(348): (vlog-2583) [SVCHK] - Some checking for conflicts with always_comb and always_latch variables not yet supported. Run vopt to provide additional design-level checks.
** Warning: ../../src/hdlTop/interconnect/AhbInterconnect.sv(350): (vlog-2583) [SVCHK] - Some checking for conflicts with always_comb and always_latch variables not yet supported. Run vopt to provide additional design-level checks.
** Warning: ../../src/hdlTop/interconnect/AhbInterconnect.sv(355): (vlog-2583) [SVCHK] - Some checking for conflicts with always_comb and always_latch variables not yet supported. Run vopt to provide additional design-level checks.
** Warning: ../../src/hdlTop/interconnect/AhbInterconnect.sv(366): (vlog-2583) [SVCHK] - Some checking for conflicts with always_comb and always_latch variables not yet supported. Run vopt to provide additional design-level checks.
** Warning: ../../src/hdlTop/interconnect/AhbInterconnect.sv(366): (vlog-2583) [SVCHK] - Some checking for conflicts with always_comb and always_latch variables not yet supported. Run vopt to provide additional design-level checks.
** Warning: ../../src/hdlTop/interconnect/AhbInterconnect.sv(368): (vlog-2583) [SVCHK] - Some checking for conflicts with always_comb and always_latch variables not yet supported. Run vopt to provide additional design-level checks.
** Warning: ../../src/hdlTop/interconnect/AhbInterconnect.sv(407): (vlog-2583) [SVCHK] - Some checking for conflicts with always_comb and always_latch variables not yet supported. Run vopt to provide additional design-level checks.
** Warning: ../../src/hdlTop/interconnect/AhbInterconnect.sv(409): (vlog-2583) [SVCHK] - Some checking for conflicts with always_comb and always_latch variables not yet supported. Run vopt to provide additional design-level checks.
** Warning: ../../src/hdlTop/interconnect/AhbInterconnect.sv(412): (vlog-2583) [SVCHK] - Some checking for conflicts with always_comb and always_latch variables not yet supported. Run vopt to provide additional design-level checks.
** Warning: ../../src/hdlTop/interconnect/AhbInterconnect.sv(412): (vlog-2583) [SVCHK] - Some checking for conflicts with always_comb and always_latch variables not yet supported. Run vopt to provide additional design-level checks.
** Warning: ../../src/hdlTop/interconnect/AhbInterconnect.sv(415): (vlog-2583) [SVCHK] - Some checking for conflicts with always_comb and always_latch variables not yet supported. Run vopt to provide additional design-level checks.
** Warning: ../../src/hdlTop/interconnect/AhbInterconnect.sv(445): (vlog-2583) [SVCHK] - Some checking for conflicts with always_comb and always_latch variables not yet supported. Run vopt to provide additional design-level checks.
** Warning: ../../src/hdlTop/interconnect/AhbInterconnect.sv(448): (vlog-2583) [SVCHK] - Some checking for conflicts with always_comb and always_latch variables not yet supported. Run vopt to provide additional design-level checks.
** Warning: ../../src/hdlTop/interconnect/AhbInterconnect.sv(450): (vlog-2583) [SVCHK] - Some checking for conflicts with always_comb and always_latch variables not yet supported. Run vopt to provide additional design-level checks.
** Warning: ../../src/hdlTop/interconnect/AhbInterconnect.sv(451): (vlog-2583) [SVCHK] - Some checking for conflicts with always_comb and always_latch variables not yet supported. Run vopt to provide additional design-level checks.
** Warning: ../../src/hdlTop/interconnect/AhbInterconnect.sv(452): (vlog-2583) [SVCHK] - Some checking for conflicts with always_comb and always_latch variables not yet supported. Run vopt to provide additional design-level checks.
** Warning: ../../src/hdlTop/interconnect/AhbInterconnect.sv(453): (vlog-2583) [SVCHK] - Some checking for conflicts with always_comb and always_latch variables not yet supported. Run vopt to provide additional design-level checks.
** Warning: ../../src/hdlTop/interconnect/AhbInterconnect.sv(454): (vlog-2583) [SVCHK] - Some checking for conflicts with always_comb and always_latch variables not yet supported. Run vopt to provide additional design-level checks.
** Warning: ../../src/hdlTop/interconnect/AhbInterconnect.sv(455): (vlog-2583) [SVCHK] - Some checking for conflicts with always_comb and always_latch variables not yet supported. Run vopt to provide additional design-level checks.
** Warning: ../../src/hdlTop/interconnect/AhbInterconnect.sv(456): (vlog-2583) [SVCHK] - Some checking for conflicts with always_comb and always_latch variables not yet supported. Run vopt to provide additional design-level checks.
** Warning: ../../src/hdlTop/interconnect/AhbInterconnect.sv(458): (vlog-2583) [SVCHK] - Some checking for conflicts with always_comb and always_latch variables not yet supported. Run vopt to provide additional design-level checks.
** Warning: ../../src/hdlTop/interconnect/AhbInterconnect.sv(486): (vlog-2583) [SVCHK] - Some checking for conflicts with always_comb and always_latch variables not yet supported. Run vopt to provide additional design-level checks.
** Warning: ../../src/hdlTop/interconnect/AhbInterconnect.sv(489): (vlog-2583) [SVCHK] - Some checking for conflicts with always_comb and always_latch variables not yet supported. Run vopt to provide additional design-level checks.
** Warning: ../../src/hdlTop/interconnect/AhbInterconnect.sv(491): (vlog-2583) [SVCHK] - Some checking for conflicts with always_comb and always_latch variables not yet supported. Run vopt to provide additional design-level checks.
** Warning: ../../src/hdlTop/interconnect/AhbInterconnect.sv(491): (vlog-2583) [SVCHK] - Some checking for conflicts with always_comb and always_latch variables not yet supported. Run vopt to provide additional design-level checks.
** Warning: ../../src/hdlTop/interconnect/AhbInterconnect.sv(494): (vlog-2583) [SVCHK] - Some checking for conflicts with always_comb and always_latch variables not yet supported. Run vopt to provide additional design-level checks.
** Warning: ../../src/hdlTop/interconnect/AhbInterconnect.sv(498): (vlog-2583) [SVCHK] - Some checking for conflicts with always_comb and always_latch variables not yet supported. Run vopt to provide additional design-level checks.
** Warning: ../../src/hdlTop/interconnect/AhbInterconnect.sv(500): (vlog-2583) [SVCHK] - Some checking for conflicts with always_comb and always_latch variables not yet supported. Run vopt to provide additional design-level checks.
** Warning: ../../src/hdlTop/interconnect/AhbInterconnect.sv(502): (vlog-2583) [SVCHK] - Some checking for conflicts with always_comb and always_latch variables not yet supported. Run vopt to provide additional design-level checks.
** Warning: ../../src/hdlTop/interconnect/AhbInterconnect.sv(502): (vlog-2583) [SVCHK] - Some checking for conflicts with always_comb and always_latch variables not yet supported. Run vopt to provide additional design-level checks.
** Warning: ../../src/hdlTop/interconnect/AhbInterconnect.sv(505): (vlog-2583) [SVCHK] - Some checking for conflicts with always_comb and always_latch variables not yet supported. Run vopt to provide additional design-level checks.
** Warning: ../../src/hdlTop/interconnect/AhbInterconnect.sv(523): (vlog-2583) [SVCHK] - Some checking for conflicts with always_comb and always_latch variables not yet supported. Run vopt to provide additional design-level checks.
-- Compiling package AhbMasterDriverBFM_sv_unit
-- Importing package AhbGlobalPackage
-- Compiling interface AhbMasterDriverBFM
-- Importing package AhbMasterPackage
-- Importing package mtiUvm.uvm_pkg (uvm-1.1d Built-in)
-- Compiling package AhbMasterMonitorBFM_sv_unit
-- Importing package AhbGlobalPackage
-- Compiling interface AhbMasterMonitorBFM
-- Importing package mtiUvm.uvm_pkg (uvm-1.1d Built-in)
-- Importing package AhbMasterPackage
-- Compiling module AhbMasterAgentBFM
-- Compiling package AhbMasterAssertion_sv_unit
-- Importing package AhbGlobalPackage
-- Compiling interface AhbMasterAssertion
-- Importing package mtiUvm.uvm_pkg (uvm-1.1d Built-in)
-- Compiling package AhbSlaveDriverBFM_sv_unit
-- Importing package AhbGlobalPackage
-- Compiling interface AhbSlaveDriverBFM
-- Importing package AhbSlavePackage
-- Importing package mtiUvm.uvm_pkg (uvm-1.1d Built-in)
-- Compiling package AhbSlaveMonitorBFM_sv_unit
-- Importing package AhbGlobalPackage
-- Compiling interface AhbSlaveMonitorBFM
-- Importing package mtiUvm.uvm_pkg (uvm-1.1d Built-in)
-- Importing package AhbSlavePackage
-- Compiling module AhbSlaveAgentBFM
-- Compiling package AhbSlaveAssertion_sv_unit
-- Importing package AhbGlobalPackage
-- Compiling interface AhbSlaveAssertion
-- Compiling package AhbMasterCoverProperty_sv_unit
-- Importing package AhbGlobalPackage
-- Compiling interface AhbMasterCoverProperty
-- Importing package mtiUvm.uvm_pkg (uvm-1.1d Built-in)
-- Compiling package AhbSlaveCoverProperty_sv_unit
-- Importing package AhbGlobalPackage
-- Compiling interface AhbSlaveCoverProperty
-- Importing package mtiUvm.uvm_pkg (uvm-1.1d Built-in)
-- Compiling module HdlTop
-- Compiling module HvlTop
-- Importing package AhbTestPackage
-- Importing package AhbMasterPackage
-- Importing package AhbSlavePackage
-- Importing package AhbEnvironmentPackage
-- Importing package AhbMasterSequencePackage
-- Importing package AhbSlaveSequencePackage
-- Importing package AhbVirtualSequencePackage

Top level modules:
	HdlTop
	HvlTop
End time: 12:26:03 on Apr 17,2026, Elapsed time: 0:00:03
Errors: 0, Warnings: 115
